Determining if the pthread_create exist failed with the following output:
Change Dir: /content/DeepLearningDeployment/tensorrt/cpp_deploy/build/CMakeFiles/CMakeTmp

Run Build Command:"/usr/bin/make" "cmTC_852da/fast"
/usr/bin/make -f CMakeFiles/cmTC_852da.dir/build.make CMakeFiles/cmTC_852da.dir/build
make[1]: Entering directory '/content/DeepLearningDeployment/tensorrt/cpp_deploy/build/CMakeFiles/CMakeTmp'
Building C object CMakeFiles/cmTC_852da.dir/CheckSymbolExists.c.o
/usr/bin/cc   -fPIC    -o CMakeFiles/cmTC_852da.dir/CheckSymbolExists.c.o   -c /content/DeepLearningDeployment/tensorrt/cpp_deploy/build/CMakeFiles/CMakeTmp/CheckSymbolExists.c
Linking C executable cmTC_852da
/usr/local/lib/python2.7/dist-packages/cmake/data/bin/cmake -E cmake_link_script CMakeFiles/cmTC_852da.dir/link.txt --verbose=1
/usr/bin/cc -fPIC     CMakeFiles/cmTC_852da.dir/CheckSymbolExists.c.o  -o cmTC_852da 
CMakeFiles/cmTC_852da.dir/CheckSymbolExists.c.o: In function `main':
CheckSymbolExists.c:(.text+0x1b): undefined reference to `pthread_create'
collect2: error: ld returned 1 exit status
CMakeFiles/cmTC_852da.dir/build.make:86: recipe for target 'cmTC_852da' failed
make[1]: *** [cmTC_852da] Error 1
make[1]: Leaving directory '/content/DeepLearningDeployment/tensorrt/cpp_deploy/build/CMakeFiles/CMakeTmp'
Makefile:121: recipe for target 'cmTC_852da/fast' failed
make: *** [cmTC_852da/fast] Error 2

File /content/DeepLearningDeployment/tensorrt/cpp_deploy/build/CMakeFiles/CMakeTmp/CheckSymbolExists.c:
/* */
#include <pthread.h>

int main(int argc, char** argv)
{
  (void)argv;
#ifndef pthread_create
  return ((int*)(&pthread_create))[argc];
#else
  (void)argc;
  return 0;
#endif
}

Determining if the function pthread_create exists in the pthreads failed with the following output:
Change Dir: /content/DeepLearningDeployment/tensorrt/cpp_deploy/build/CMakeFiles/CMakeTmp

Run Build Command:"/usr/bin/make" "cmTC_c8636/fast"
/usr/bin/make -f CMakeFiles/cmTC_c8636.dir/build.make CMakeFiles/cmTC_c8636.dir/build
make[1]: Entering directory '/content/DeepLearningDeployment/tensorrt/cpp_deploy/build/CMakeFiles/CMakeTmp'
Building C object CMakeFiles/cmTC_c8636.dir/CheckFunctionExists.c.o
/usr/bin/cc   -fPIC -DCHECK_FUNCTION_EXISTS=pthread_create   -o CMakeFiles/cmTC_c8636.dir/CheckFunctionExists.c.o   -c /usr/local/lib/python2.7/dist-packages/cmake/data/share/cmake-3.12/Modules/CheckFunctionExists.c
Linking C executable cmTC_c8636
/usr/local/lib/python2.7/dist-packages/cmake/data/bin/cmake -E cmake_link_script CMakeFiles/cmTC_c8636.dir/link.txt --verbose=1
/usr/bin/cc -fPIC -DCHECK_FUNCTION_EXISTS=pthread_create    CMakeFiles/cmTC_c8636.dir/CheckFunctionExists.c.o  -o cmTC_c8636 -lpthreads 
/usr/bin/ld: cannot find -lpthreads
collect2: error: ld returned 1 exit status
CMakeFiles/cmTC_c8636.dir/build.make:86: recipe for target 'cmTC_c8636' failed
make[1]: *** [cmTC_c8636] Error 1
make[1]: Leaving directory '/content/DeepLearningDeployment/tensorrt/cpp_deploy/build/CMakeFiles/CMakeTmp'
Makefile:121: recipe for target 'cmTC_c8636/fast' failed
make: *** [cmTC_c8636/fast] Error 2


